# JRE version: Java(TM) SE Runtime Environment (8.0_251-b08) (build 1.8.0_251-b08)
# Java VM: Java HotSpot(TM) 64-Bit Server VM (25.251-b08 mixed mode windows-amd64 compressed oops)
Heap:
 PSYoungGen      total 218624K, used 152688K [0x000000076b700000, 0x0000000780080000, 0x00000007c0000000)
  eden space 204288K, 74% used [0x000000076b700000,0x0000000774c1c120,0x0000000777e80000)
  from space 14336K, 0% used [0x0000000777e80000,0x0000000777e80000,0x0000000778c80000)
  to   space 21504K, 0% used [0x000000077eb80000,0x000000077eb80000,0x0000000780080000)
 ParOldGen       total 151552K, used 35777K [0x00000006c2400000, 0x00000006cb800000, 0x000000076b700000)
  object space 151552K, 23% used [0x00000006c2400000,0x00000006c46f0428,0x00000006cb800000)
 Metaspace       used 64800K, capacity 68494K, committed 68824K, reserved 1107968K
  class space    used 8731K, capacity 9351K, committed 9472K, reserved 1048576K
GC Heap History (10 events):
Event: 3.450 GC heap before
{Heap before GC invocations=6 (full 1):
 PSYoungGen      total 140800K, used 130048K [0x000000076b700000, 0x0000000774b00000, 0x00000007c0000000)
  eden space 130048K, 100% used [0x000000076b700000,0x0000000773600000,0x0000000773600000)
  from space 10752K, 0% used [0x0000000774080000,0x0000000774080000,0x0000000774b00000)
  to   space 10752K, 0% used [0x0000000773600000,0x0000000773600000,0x0000000774080000)
 ParOldGen       total 95744K, used 6453K [0x00000006c2400000, 0x00000006c8180000, 0x000000076b700000)
  object space 95744K, 6% used [0x00000006c2400000,0x00000006c2a4d628,0x00000006c8180000)
 Metaspace       used 28735K, capacity 30696K, committed 30848K, reserved 1075200K
  class space    used 3752K, capacity 4102K, committed 4224K, reserved 1048576K
Event: 3.459 GC heap after
Heap after GC invocations=6 (full 1):
 PSYoungGen      total 140800K, used 10743K [0x000000076b700000, 0x0000000779a00000, 0x00000007c0000000)
  eden space 130048K, 0% used [0x000000076b700000,0x000000076b700000,0x0000000773600000)
  from space 10752K, 99% used [0x0000000773600000,0x000000077407df70,0x0000000774080000)
  to   space 13824K, 0% used [0x0000000778c80000,0x0000000778c80000,0x0000000779a00000)
 ParOldGen       total 95744K, used 8402K [0x00000006c2400000, 0x00000006c8180000, 0x000000076b700000)
  object space 95744K, 8% used [0x00000006c2400000,0x00000006c2c34960,0x00000006c8180000)
 Metaspace       used 28735K, capacity 30696K, committed 30848K, reserved 1075200K
  class space    used 3752K, capacity 4102K, committed 4224K, reserved 1048576K
}
Event: 4.064 GC heap before
{Heap before GC invocations=7 (full 1):
 PSYoungGen      total 140800K, used 130790K [0x000000076b700000, 0x0000000779a00000, 0x00000007c0000000)
  eden space 130048K, 92% used [0x000000076b700000,0x0000000772c3baa0,0x0000000773600000)
  from space 10752K, 99% used [0x0000000773600000,0x000000077407df70,0x0000000774080000)
  to   space 13824K, 0% used [0x0000000778c80000,0x0000000778c80000,0x0000000779a00000)
 ParOldGen       total 95744K, used 8402K [0x00000006c2400000, 0x00000006c8180000, 0x000000076b700000)
  object space 95744K, 8% used [0x00000006c2400000,0x00000006c2c34960,0x00000006c8180000)
 Metaspace       used 33237K, capacity 35328K, committed 35416K, reserved 1079296K
  class space    used 4292K, capacity 4672K, committed 4736K, reserved 1048576K
Event: 4.077 GC heap after
Heap after GC invocations=7 (full 1):
 PSYoungGen      total 218112K, used 10786K [0x000000076b700000, 0x0000000779b00000, 0x00000007c0000000)
  eden space 204288K, 0% used [0x000000076b700000,0x000000076b700000,0x0000000777e80000)
  from space 13824K, 78% used [0x0000000778c80000,0x0000000779708850,0x0000000779a00000)
  to   space 14336K, 0% used [0x0000000777e80000,0x0000000777e80000,0x0000000778c80000)
 ParOldGen       total 95744K, used 8410K [0x00000006c2400000, 0x00000006c8180000, 0x000000076b700000)
  object space 95744K, 8% used [0x00000006c2400000,0x00000006c2c36960,0x00000006c8180000)
 Metaspace       used 33237K, capacity 35328K, committed 35416K, reserved 1079296K
  class space    used 4292K, capacity 4672K, committed 4736K, reserved 1048576K
}
Event: 4.077 GC heap before
{Heap before GC invocations=8 (full 2):
 PSYoungGen      total 218112K, used 10786K [0x000000076b700000, 0x0000000779b00000, 0x00000007c0000000)
  eden space 204288K, 0% used [0x000000076b700000,0x000000076b700000,0x0000000777e80000)
  from space 13824K, 78% used [0x0000000778c80000,0x0000000779708850,0x0000000779a00000)
  to   space 14336K, 0% used [0x0000000777e80000,0x0000000777e80000,0x0000000778c80000)
 ParOldGen       total 95744K, used 8410K [0x00000006c2400000, 0x00000006c8180000, 0x000000076b700000)
  object space 95744K, 8% used [0x00000006c2400000,0x00000006c2c36960,0x00000006c8180000)
 Metaspace       used 33237K, capacity 35328K, committed 35416K, reserved 1079296K
  class space    used 4292K, capacity 4672K, committed 4736K, reserved 1048576K
Event: 4.151 GC heap after
Heap after GC invocations=8 (full 2):
 PSYoungGen      total 218112K, used 0K [0x000000076b700000, 0x0000000779b00000, 0x00000007c0000000)
  eden space 204288K, 0% used [0x000000076b700000,0x000000076b700000,0x0000000777e80000)
  from space 13824K, 0% used [0x0000000778c80000,0x0000000778c80000,0x0000000779a00000)
  to   space 14336K, 0% used [0x0000000777e80000,0x0000000777e80000,0x0000000778c80000)
 ParOldGen       total 151552K, used 15520K [0x00000006c2400000, 0x00000006cb800000, 0x000000076b700000)
  object space 151552K, 10% used [0x00000006c2400000,0x00000006c33283e0,0x00000006cb800000)
 Metaspace       used 33237K, capacity 35328K, committed 35416K, reserved 1079296K
  class space    used 4292K, capacity 4672K, committed 4736K, reserved 1048576K
}
Event: 7.815 GC heap before
{Heap before GC invocations=9 (full 2):
 PSYoungGen      total 218112K, used 190632K [0x000000076b700000, 0x0000000779b00000, 0x00000007c0000000)
  eden space 204288K, 93% used [0x000000076b700000,0x000000077712a3a8,0x0000000777e80000)
  from space 13824K, 0% used [0x0000000778c80000,0x0000000778c80000,0x0000000779a00000)
  to   space 14336K, 0% used [0x0000000777e80000,0x0000000777e80000,0x0000000778c80000)
 ParOldGen       total 151552K, used 15520K [0x00000006c2400000, 0x00000006cb800000, 0x000000076b700000)
  object space 151552K, 10% used [0x00000006c2400000,0x00000006c33283e0,0x00000006cb800000)
 Metaspace       used 55811K, capacity 58868K, committed 58968K, reserved 1099776K
  class space    used 7463K, capacity 7980K, committed 8064K, reserved 1048576K
Event: 7.837 GC heap after
Heap after GC invocations=9 (full 2):
 PSYoungGen      total 218624K, used 14311K [0x000000076b700000, 0x0000000780080000, 0x00000007c0000000)
  eden space 204288K, 0% used [0x000000076b700000,0x000000076b700000,0x0000000777e80000)
  from space 14336K, 99% used [0x0000000777e80000,0x0000000778c79dd0,0x0000000778c80000)
  to   space 21504K, 0% used [0x000000077eb80000,0x000000077eb80000,0x0000000780080000)
 ParOldGen       total 151552K, used 25918K [0x00000006c2400000, 0x00000006cb800000, 0x000000076b700000)
  object space 151552K, 17% used [0x00000006c2400000,0x00000006c3d4f8d0,0x00000006cb800000)
 Metaspace       used 55811K, capacity 58868K, committed 58968K, reserved 1099776K
  class space    used 7463K, capacity 7980K, committed 8064K, reserved 1048576K
}
Event: 7.837 GC heap before
{Heap before GC invocations=10 (full 3):
 PSYoungGen      total 218624K, used 14311K [0x000000076b700000, 0x0000000780080000, 0x00000007c0000000)
  eden space 204288K, 0% used [0x000000076b700000,0x000000076b700000,0x0000000777e80000)
  from space 14336K, 99% used [0x0000000777e80000,0x0000000778c79dd0,0x0000000778c80000)
  to   space 21504K, 0% used [0x000000077eb80000,0x000000077eb80000,0x0000000780080000)
 ParOldGen       total 151552K, used 25918K [0x00000006c2400000, 0x00000006cb800000, 0x000000076b700000)
  object space 151552K, 17% used [0x00000006c2400000,0x00000006c3d4f8d0,0x00000006cb800000)
 Metaspace       used 55811K, capacity 58868K, committed 58968K, reserved 1099776K
  class space    used 7463K, capacity 7980K, committed 8064K, reserved 1048576K
Event: 8.057 GC heap after
Heap after GC invocations=10 (full 3):
 PSYoungGen      total 218624K, used 0K [0x000000076b700000, 0x0000000780080000, 0x00000007c0000000)
  eden space 204288K, 0% used [0x000000076b700000,0x000000076b700000,0x0000000777e80000)
  from space 14336K, 0% used [0x0000000777e80000,0x0000000777e80000,0x0000000778c80000)
  to   space 21504K, 0% used [0x000000077eb80000,0x000000077eb80000,0x0000000780080000)
 ParOldGen       total 151552K, used 35777K [0x00000006c2400000, 0x00000006cb800000, 0x000000076b700000)
  object space 151552K, 23% used [0x00000006c2400000,0x00000006c46f0428,0x00000006cb800000)
 Metaspace       used 55811K, capacity 58868K, committed 58968K, reserved 1099776K
  class space    used 7463K, capacity 7980K, committed 8064K, reserved 1048576K
}

